#
# There is insufficient memory for the Java Runtime Environment to continue.
# Native memory allocation (malloc) failed to allocate 1048576 bytes for AllocateHeap
# Possible reasons:
#   The system is out of physical RAM or swap space
#   In 32 bit mode, the process size limit was hit
# Possible solutions:
#   Reduce memory load on the system
#   Increase physical memory or swap space
#   Check if swap backing store is full
#   Use 64 bit Java on a 64 bit OS
#   Decrease Java heap size (-Xmx/-Xms)
#   Decrease number of Java threads
#   Decrease Java thread stack sizes (-Xss)
#   Set larger code cache with -XX:ReservedCodeCacheSize=
# This output file may be truncated or incomplete.
#
#  Out of Memory Error (memory/allocation.inline.hpp:61), pid=1200, tid=0x0000000000000898
#
# JRE version:  (8.0_121-b13) (build )
# Java VM: Java HotSpot(TM) 64-Bit Server VM (25.121-b13 mixed mode windows-amd64 compressed oops)
# Failed to write core dump. Minidumps are not enabled by default on client versions of Windows
#

---------------  T H R E A D  ---------------

Current thread (0x0000000002910800):  JavaThread "Unknown thread" [_thread_in_vm, id=2200, stack(0x0000000002740000,0x0000000002840000)]

Stack: [0x0000000002740000,0x0000000002840000]
[error occurred during error reporting (printing stack bounds), id 0xc0000005]

Native frames: (J=compiled Java code, j=interpreted, Vv=VM code, C=native code)


---------------  P R O C E S S  ---------------

Java Threads: ( => current thread )

Other Threads:

=>0x0000000002910800 (exited) JavaThread "Unknown thread" [_thread_in_vm, id=2200, stack(0x0000000002740000,0x0000000002840000)]

VM state:not at safepoint (normal execution)

VM Mutex/Monitor currently owned by a thread: None

Heap:
 PSYoungGen      total 24064K, used 419K [0x00000000e5580000, 0x00000000e7000000, 0x0000000100000000)
  eden space 20992K, 2% used [0x00000000e5580000,0x00000000e55e8f68,0x00000000e6a00000)
  from space 3072K, 0% used [0x00000000e6d00000,0x00000000e6d00000,0x00000000e7000000)
  to   space 3072K, 0% used [0x00000000e6a00000,0x00000000e6a00000,0x00000000e6d00000)
 ParOldGen       total 54784K, used 0K [0x00000000b0000000, 0x00000000b3580000, 0x00000000e5580000)
  object space 54784K, 0% used [0x00000000b0000000,0x00000000b0000000,0x00000000b3580000)
 Metaspace       used 746K, capacity 4480K, committed 4480K, reserved 1056768K
  class space    used 75K, capacity 384K, committed 384K, reserved 1048576K

Card table byte_map: [0x0000000011dd0000,0x0000000012060000] byte_map_base: 0x0000000011850000

Marking Bits: (ParMarkBitMap*) 0x0000000067adb6d0
 Begin Bits: [0x0000000012610000, 0x0000000013a10000)
 End Bits:   [0x0000000013a10000, 0x0000000014e10000)

Polling page: 0x0000000000e70000

CodeCache: size=245760Kb used=327Kb max_used=327Kb free=245432Kb
 bounds [0x0000000002a10000, 0x0000000002c80000, 0x0000000011a10000]
 total_blobs=56 nmethods=0 adapters=38
 compilation: enabled

Compilation events (0 events):
No events

GC Heap History (0 events):
No events

Deoptimization events (0 events):
No events

Internal exceptions (0 events):
No events

Events (10 events):
Event: 0.154 loading class java/lang/Short
Event: 0.155 loading class java/lang/Short done
Event: 0.155 loading class java/lang/Integer
Event: 0.155 loading class java/lang/Integer done
Event: 0.155 loading class java/lang/Long
Event: 0.155 loading class java/lang/Long done
Event: 0.156 loading class java/lang/NullPointerException
Event: 0.156 loading class java/lang/NullPointerException done
Event: 0.156 loading class java/lang/ArithmeticException
Event: 0.156 loading class java/lang/ArithmeticException done


Dynamic libraries:
0x00007ff690500000 - 0x00007ff690537000 	C:\Program Files\Java\jre1.8.0_121\bin\javaw.exe
0x00007ffde54c0000 - 0x00007ffde566d000 	C:\Windows\SYSTEM32\ntdll.dll
0x00007ffde4d00000 - 0x00007ffde4e3e000 	C:\Windows\system32\KERNEL32.DLL
0x00007ffde2940000 - 0x00007ffde2a55000 	C:\Windows\system32\KERNELBASE.dll
0x00007ffde11a0000 - 0x00007ffde122e000 	C:\Windows\system32\apphelp.dll
0x00007ffdd1980000 - 0x00007ffdd19d3000 	C:\Windows\AppPatch\AppPatch64\AcGenral.DLL
0x00007ffde4bf0000 - 0x00007ffde4c9a000 	C:\Windows\system32\msvcrt.dll
0x00007ffde2b10000 - 0x00007ffde2b3e000 	C:\Windows\system32\SspiCli.dll
0x00007ffde4e40000 - 0x00007ffde4e94000 	C:\Windows\system32\SHLWAPI.dll
0x00007ffde2d50000 - 0x00007ffde2ec7000 	C:\Windows\system32\USER32.dll
0x00007ffde4480000 - 0x00007ffde4614000 	C:\Windows\system32\ole32.dll
0x00007ffde2f40000 - 0x00007ffde4468000 	C:\Windows\system32\SHELL32.dll
0x00007ffde1b30000 - 0x00007ffde1b51000 	C:\Windows\SYSTEM32\USERENV.dll
0x00007ffde47b0000 - 0x00007ffde485a000 	C:\Windows\system32\ADVAPI32.dll
0x00007ffddb750000 - 0x00007ffddb76e000 	C:\Windows\SYSTEM32\MPR.dll
0x00007ffde2b40000 - 0x00007ffde2c80000 	C:\Windows\system32\RPCRT4.dll
0x00007ffde4b90000 - 0x00007ffde4be9000 	C:\Windows\SYSTEM32\sechost.dll
0x00007ffde4f00000 - 0x00007ffde5111000 	C:\Windows\SYSTEM32\combase.dll
0x00007ffde4a20000 - 0x00007ffde4b6f000 	C:\Windows\system32\GDI32.dll
0x00007ffde25e0000 - 0x00007ffde25f5000 	C:\Windows\SYSTEM32\profapi.dll
0x00007ffde0b50000 - 0x00007ffde0c02000 	C:\Windows\SYSTEM32\SHCORE.dll
0x00007ffde4ec0000 - 0x00007ffde4ef6000 	C:\Windows\system32\IMM32.DLL
0x00007ffde5120000 - 0x00007ffde5272000 	C:\Windows\system32\MSCTF.dll
0x00007ffde06d0000 - 0x00007ffde094b000 	C:\Windows\WinSxS\amd64_microsoft.windows.common-controls_6595b64144ccf1df_6.0.9600.18006_none_623f33d3ecbe86e8\COMCTL32.dll
0x0000000066db0000 - 0x0000000066e82000 	C:\Program Files\Java\jre1.8.0_121\bin\msvcr100.dll
0x00000000672c0000 - 0x0000000067b5b000 	C:\Program Files\Java\jre1.8.0_121\bin\server\jvm.dll
0x00007ffddfb20000 - 0x00007ffddfb29000 	C:\Windows\SYSTEM32\WSOCK32.dll
0x00007ffde0c90000 - 0x00007ffde0cb2000 	C:\Windows\SYSTEM32\WINMM.dll
0x00007ffde0180000 - 0x00007ffde018a000 	C:\Windows\SYSTEM32\VERSION.dll
0x00007ffde4470000 - 0x00007ffde4477000 	C:\Windows\system32\PSAPI.DLL
0x00007ffde4ca0000 - 0x00007ffde4cfa000 	C:\Windows\system32\WS2_32.dll
0x00007ffde0580000 - 0x00007ffde05aa000 	C:\Windows\SYSTEM32\WINMMBASE.dll
0x00007ffde4eb0000 - 0x00007ffde4eb9000 	C:\Windows\system32\NSI.dll
0x00007ffde2ac0000 - 0x00007ffde2b0f000 	C:\Windows\SYSTEM32\cfgmgr32.dll
0x00007ffde13f0000 - 0x00007ffde1418000 	C:\Windows\SYSTEM32\DEVOBJ.dll
0x00000000671d0000 - 0x00000000671df000 	C:\Program Files\Java\jre1.8.0_121\bin\verify.dll
0x00000000671a0000 - 0x00000000671c9000 	C:\Program Files\Java\jre1.8.0_121\bin\java.dll
0x0000000067180000 - 0x0000000067196000 	C:\Program Files\Java\jre1.8.0_121\bin\zip.dll

VM Arguments:
jvm_args: -Dfile.encoding=Cp1252 
java_command: visual.SplashScreen
java_class_path (initial): C:\Users\Joshua\git\ProyectoFinalBeisbol\ProyectoFinalBesibol\bin;C:\Users\Joshua\git\ProyectoFinalBeisbol\ProyectoFinalBesibol\lib\jcalendar-1.4.jar;C:\Users\Joshua\git\ProyectoFinalBeisbol\ProyectoFinalBesibol\lib\substance-lite-feel.jar
Launcher Type: SUN_STANDARD

Environment Variables:
CLASSPATH=.;C:\Program Files (x86)\Java\jre1.8.0_121\lib\ext\QTJava.zip
PATH=C:/Program Files/Java/jre1.8.0_121/bin/server;C:/Program Files/Java/jre1.8.0_121/bin;C:/Program Files/Java/jre1.8.0_121/lib/amd64;C:\ProgramData\Oracle\Java\javapath;C:\Windows\system32;C:\Windows;C:\Windows\System32\Wbem;C:\Windows\System32\WindowsPowerShell\v1.0\;C:\Program Files (x86)\QuickTime\QTSystem\;C:\Users\Joshua\Desktop;
USERNAME=Joshua
OS=Windows_NT
PROCESSOR_IDENTIFIER=Intel64 Family 6 Model 15 Stepping 11, GenuineIntel



---------------  S Y S T E M  ---------------

OS: Windows 8.1 , 64 bit Build 9600 (6.3.9600.17415)

CPU:total 4 (4 cores per cpu, 1 threads per core) family 6 model 15 stepping 11, cmov, cx8, fxsr, mmx, sse, sse2, sse3, ssse3, tsc

Memory: 4k page, physical 5241008k(874632k free), swap 8386736k(23152k free)

vm_info: Java HotSpot(TM) 64-Bit Server VM (25.121-b13) for windows-amd64 JRE (1.8.0_121-b13), built on Dec 12 2016 18:21:36 by "java_re" with MS VC++ 10.0 (VS2010)

time: Sun Apr 16 17:47:42 2017
elapsed time: 0 seconds (0d 0h 0m 0s)

